<?xml version="1.0" encoding="UTF-8"?>
<!-- Generated by org.testng.reporters.JUnitXMLReporter -->
<testsuite hostname="FalcoConstantin" ignored="2" name="MainPage smoke tests in chrome browser" tests="2" failures="0" timestamp="2019-12-07T16:44:04 EET" time="36.841" errors="0">
  <testcase name="mainPageMenuTestSmoke" time="15.531" classname="tests.MainPageTest"/>
  <testcase name="mainPageStaysSearchTestSmoke" time="0.984" classname="tests.MainPageTest"/>
  <testcase name="mainPageSearchModuleTestRegression" time="0.0" classname="tests.MainPageTest">
    <ignored/>
  </testcase> <!-- mainPageSearchModuleTestRegression -->
  <testcase name="mainPageMenuTestFunctional" time="0.0" classname="tests.MainPageTest">
    <ignored/>
  </testcase> <!-- mainPageMenuTestFunctional -->
</testsuite> <!-- MainPage smoke tests in chrome browser -->
