<?xml version="1.0" encoding="UTF-8"?>
<!-- Generated by org.testng.reporters.JUnitXMLReporter -->
<testsuite hostname="FalcoConstantin" ignored="2" name="MainPage smoke tests in chrome browser" tests="2" failures="0" timestamp="2020-02-25T21:21:50 EET" time="41.999" errors="0">
  <testcase name="mainPageMenuTestSmoke" time="20.865" classname="tests.MainPageTest"/>
  <testcase name="mainPageStaysSearchTestSmoke" time="2.61" classname="tests.MainPageTest"/>
  <testcase name="mainPageSearchModuleTestRegression" time="0.0" classname="tests.MainPageTest">
    <ignored/>
  </testcase> <!-- mainPageSearchModuleTestRegression -->
  <testcase name="mainPageMenuTestFunctional" time="0.0" classname="tests.MainPageTest">
    <ignored/>
  </testcase> <!-- mainPageMenuTestFunctional -->
</testsuite> <!-- MainPage smoke tests in chrome browser -->
