<?xml version="1.0" encoding="UTF-8"?>
<!-- Generated by org.testng.reporters.JUnitXMLReporter -->
<testsuite hostname="FalcoConstantin" ignored="3" name="MainPage smoke tests in firefox browser" tests="2" failures="0" timestamp="2019-12-07T14:46:20 EET" time="47.127" errors="0">
  <testcase name="mainPageMenuTestFunctional" time="16.538" classname="tests.MainPageTest"/>
  <testcase name="mainPageMenuTestFunctional" time="30.12" classname="tests.MainPageTest"/>
  <testcase name="mainPageSearchModuleTestRegression" time="0.0" classname="tests.MainPageTest">
    <ignored/>
  </testcase> <!-- mainPageSearchModuleTestRegression -->
  <testcase name="mainPageMenuTestSmoke" time="0.0" classname="tests.MainPageTest">
    <ignored/>
  </testcase> <!-- mainPageMenuTestSmoke -->
  <testcase name="mainPageStaysSearchTestSmoke" time="0.0" classname="tests.MainPageTest">
    <ignored/>
  </testcase> <!-- mainPageStaysSearchTestSmoke -->
</testsuite> <!-- MainPage smoke tests in firefox browser -->
