<?xml version="1.0" encoding="UTF-8"?>
<!-- Generated by org.testng.reporters.JUnitXMLReporter -->
<testsuite hostname="FalcoConstantin" ignored="3" name="Default test" tests="4" failures="0" timestamp="2019-11-17T13:00:07 EET" time="137.562" errors="0">
  <testcase name="mainPageMenuTest_SMOKE" time="15.154" classname="tests.MainPageTest"/>
  <testcase name="mainPageStaysSearchTest_SMOKE" time="1.791" classname="tests.MainPageTest"/>
  <testcase name="mainPageMenuTest_FUNCTIONAL" time="15.031" classname="tests.MainPageTest"/>
  <testcase name="mainPageSearchModuleTest_REGRESSION" time="64.706" classname="tests.MainPageTest"/>
  <testcase name="test" time="0.0" classname="tests.MainPageTest">
    <ignored/>
  </testcase> <!-- test -->
  <testcase name="keys" time="0.0" classname="tests.MainPageTest">
    <ignored/>
  </testcase> <!-- keys -->
  <testcase name="mainPageTest" time="0.0" classname="tests.MainPageTest">
    <ignored/>
  </testcase> <!-- mainPageTest -->
</testsuite> <!-- Default test -->
