<?xml version="1.0" encoding="UTF-8"?>
<!-- Generated by org.testng.reporters.JUnitXMLReporter -->
<testsuite hostname="FalcoConstantin" ignored="3" name="Parallel tests in CH" tests="2" failures="0" timestamp="2019-12-07T19:11:18 EET" time="53.091" errors="0">
  <testcase name="mainPageMenuTestFunctional" time="21.237" classname="tests.MainPageTest"/>
  <testcase name="mainPageMenuTestFunctional" time="40.085" classname="tests.MainPageTest"/>
  <testcase name="mainPageSearchModuleTestRegression" time="0.0" classname="tests.MainPageTest">
    <ignored/>
  </testcase> <!-- mainPageSearchModuleTestRegression -->
  <testcase name="mainPageMenuTestSmoke" time="0.0" classname="tests.MainPageTest">
    <ignored/>
  </testcase> <!-- mainPageMenuTestSmoke -->
  <testcase name="mainPageStaysSearchTestSmoke" time="0.0" classname="tests.MainPageTest">
    <ignored/>
  </testcase> <!-- mainPageStaysSearchTestSmoke -->
</testsuite> <!-- Parallel tests in CH -->
