<?xml version="1.0" encoding="UTF-8"?>
<!-- Generated by org.testng.reporters.JUnitXMLReporter -->
<testsuite hostname="FalcoConstantin" ignored="3" name="Parallel tests in Chrome browser" tests="1" failures="0" timestamp="2019-12-07T15:16:09 EET" time="25.326" errors="0">
  <testcase name="mainPageMenuTestFunctional" time="13.583" classname="tests.MainPageTest"/>
  <testcase name="mainPageSearchModuleTestRegression" time="0.0" classname="tests.MainPageTest">
    <ignored/>
  </testcase> <!-- mainPageSearchModuleTestRegression -->
  <testcase name="mainPageMenuTestSmoke" time="0.0" classname="tests.MainPageTest">
    <ignored/>
  </testcase> <!-- mainPageMenuTestSmoke -->
  <testcase name="mainPageStaysSearchTestSmoke" time="0.0" classname="tests.MainPageTest">
    <ignored/>
  </testcase> <!-- mainPageStaysSearchTestSmoke -->
</testsuite> <!-- Parallel tests in Chrome browser -->
