<?xml version="1.0" encoding="UTF-8"?>
<!-- Generated by org.testng.reporters.JUnitXMLReporter -->
<testsuite hostname="FalcoConstantin" ignored="6" name="Main_Page_Functional_Chrome" tests="1" failures="0" timestamp="2019-11-26T22:04:10 EET" time="26.519" errors="0">
  <testcase name="mainPageMenuTest_FUNCTIONAL" time="15.167" classname="tests.MainPageTest"/>
  <testcase name="test" time="0.0" classname="tests.MainPageTest">
    <ignored/>
  </testcase> <!-- test -->
  <testcase name="mainPageStaysSearchTest_SMOKE" time="0.0" classname="tests.MainPageTest">
    <ignored/>
  </testcase> <!-- mainPageStaysSearchTest_SMOKE -->
  <testcase name="mainPageSearchModuleTest_REGRESSION" time="0.0" classname="tests.MainPageTest">
    <ignored/>
  </testcase> <!-- mainPageSearchModuleTest_REGRESSION -->
  <testcase name="keys" time="0.0" classname="tests.MainPageTest">
    <ignored/>
  </testcase> <!-- keys -->
  <testcase name="mainPageMenuTest_SMOKE" time="0.0" classname="tests.MainPageTest">
    <ignored/>
  </testcase> <!-- mainPageMenuTest_SMOKE -->
  <testcase name="mainPageTest" time="0.0" classname="tests.MainPageTest">
    <ignored/>
  </testcase> <!-- mainPageTest -->
</testsuite> <!-- Main_Page_Functional_Chrome -->
