<?xml version="1.0" encoding="UTF-8"?>
<!-- Generated by org.testng.reporters.JUnitXMLReporter -->
<testsuite hostname="FalcoConstantin" ignored="3" name="MAIN_PAGE_TESTS_Chrome" tests="4" failures="1" timestamp="2019-11-11T22:35:19 EET" time="117.564" errors="0">
  <testcase name="mainPageMenuTest_SMOKE" time="2.919" classname="tests.MainPageTest"/>
  <testcase name="mainPageStaysSearchTest_SMOKE" time="2.57" classname="tests.MainPageTest"/>
  <testcase name="mainPageMenuTest_FUNCTIONAL" time="4.26" classname="tests.MainPageTest">
    <failure type="org.openqa.selenium.WebDriverException" message="unknown error: Element &amp;lt;li class=&amp;quot;_1g2dfiu&amp;quot;&amp;gt;...&amp;lt;/li&amp;gt; is not clickable at point (1246, 40). Other element would receive the click: &amp;lt;div class=&amp;quot;_ffihrj&amp;quot;&amp;gt;...&amp;lt;/div&amp;gt;
  (Session info: chrome=78.0.3904.87)
  (Driver info: chromedriver=2.42.591088 (7b2b2dca23cca0862f674758c9a3933e685c27d5),platform=Windows NT 6.1.7601 SP1 x86_64) (WARNING: The server did not provide any stacktrace information)
Command duration or timeout: 0 milliseconds
Build info: version: &amp;apos;3.14.0&amp;apos;, revision: &amp;apos;aacccce0&amp;apos;, time: &amp;apos;2018-08-02T20:19:58.91Z&amp;apos;
System info: host: &amp;apos;FALCOCONSTANTIN&amp;apos;, ip: &amp;apos;169.254.43.175&amp;apos;, os.name: &amp;apos;Windows 7&amp;apos;, os.arch: &amp;apos;amd64&amp;apos;, os.version: &amp;apos;6.1&amp;apos;, java.version: &amp;apos;1.8.0_221&amp;apos;
Driver info: org.openqa.selenium.chrome.ChromeDriver
Capabilities {acceptInsecureCerts: false, acceptSslCerts: false, applicationCacheEnabled: false, browserConnectionEnabled: false, browserName: chrome, chrome: {chromedriverVersion: 2.42.591088 (7b2b2dca23cca0..., userDataDir: C:\Users\FALCOC~1\AppData\L...}, cssSelectorsEnabled: true, databaseEnabled: false, goog:chromeOptions: {debuggerAddress: localhost:49872}, handlesAlerts: true, hasTouchScreen: false, javascriptEnabled: true, locationContextEnabled: true, mobileEmulationEnabled: false, nativeEvents: true, networkConnectionEnabled: false, pageLoadStrategy: normal, platform: XP, platformName: XP, rotatable: false, setWindowRect: true, takesHeapSnapshot: true, takesScreenshot: true, unexpectedAlertBehaviour: , unhandledPromptBehavior: , version: 78.0.3904.87, webStorageEnabled: true}
Session ID: aa7efea2600f7d113cc45a27544f2546">
      <![CDATA[org.openqa.selenium.WebDriverException: unknown error: Element <li class="_1g2dfiu">...</li> is not clickable at point (1246, 40). Other element would receive the click: <div class="_ffihrj">...</div>
  (Session info: chrome=78.0.3904.87)
  (Driver info: chromedriver=2.42.591088 (7b2b2dca23cca0862f674758c9a3933e685c27d5),platform=Windows NT 6.1.7601 SP1 x86_64) (WARNING: The server did not provide any stacktrace information)
Command duration or timeout: 0 milliseconds
Build info: version: '3.14.0', revision: 'aacccce0', time: '2018-08-02T20:19:58.91Z'
System info: host: 'FALCOCONSTANTIN', ip: '169.254.43.175', os.name: 'Windows 7', os.arch: 'amd64', os.version: '6.1', java.version: '1.8.0_221'
Driver info: org.openqa.selenium.chrome.ChromeDriver
Capabilities {acceptInsecureCerts: false, acceptSslCerts: false, applicationCacheEnabled: false, browserConnectionEnabled: false, browserName: chrome, chrome: {chromedriverVersion: 2.42.591088 (7b2b2dca23cca0..., userDataDir: C:\Users\FALCOC~1\AppData\L...}, cssSelectorsEnabled: true, databaseEnabled: false, goog:chromeOptions: {debuggerAddress: localhost:49872}, handlesAlerts: true, hasTouchScreen: false, javascriptEnabled: true, locationContextEnabled: true, mobileEmulationEnabled: false, nativeEvents: true, networkConnectionEnabled: false, pageLoadStrategy: normal, platform: XP, platformName: XP, rotatable: false, setWindowRect: true, takesHeapSnapshot: true, takesScreenshot: true, unexpectedAlertBehaviour: , unhandledPromptBehavior: , version: 78.0.3904.87, webStorageEnabled: true}
Session ID: aa7efea2600f7d113cc45a27544f2546
at org.openqa.selenium.remote.ErrorHandler.createThrowable(ErrorHandler.java:214)
at org.openqa.selenium.remote.ErrorHandler.throwIfResponseFailed(ErrorHandler.java:166)
at org.openqa.selenium.remote.http.JsonHttpResponseCodec.reconstructValue(JsonHttpResponseCodec.java:40)
at org.openqa.selenium.remote.http.AbstractHttpResponseCodec.decode(AbstractHttpResponseCodec.java:80)
at org.openqa.selenium.remote.http.AbstractHttpResponseCodec.decode(AbstractHttpResponseCodec.java:44)
at org.openqa.selenium.remote.HttpCommandExecutor.execute(HttpCommandExecutor.java:158)
at org.openqa.selenium.remote.service.DriverCommandExecutor.execute(DriverCommandExecutor.java:83)
at org.openqa.selenium.remote.RemoteWebDriver.execute(RemoteWebDriver.java:548)
at org.openqa.selenium.remote.RemoteWebElement.execute(RemoteWebElement.java:276)
at org.openqa.selenium.remote.RemoteWebElement.click(RemoteWebElement.java:83)
at org.openqa.selenium.support.events.EventFiringWebDriver$EventFiringWebElement.lambda$new$0(EventFiringWebDriver.java:403)
at com.sun.proxy.$Proxy14.click(Unknown Source)
at org.openqa.selenium.support.events.EventFiringWebDriver$EventFiringWebElement.click(EventFiringWebDriver.java:416)
at pages.MainPage.mainMenu_FUNCTIONAL(MainPage.java:202)
at tests.MainPageTest.mainPageMenuTest_FUNCTIONAL(MainPageTest.java:66)
at java.util.ArrayList.forEach(Unknown Source)
... Removed 35 stack frames]]>
    </failure>
  </testcase> <!-- mainPageMenuTest_FUNCTIONAL -->
  <testcase name="mainPageSearchModuleTest_REGRESSION" time="65.488" classname="tests.MainPageTest"/>
  <testcase name="test" time="0.0" classname="tests.MainPageTest">
    <ignored/>
  </testcase> <!-- test -->
  <testcase name="keys" time="0.0" classname="tests.MainPageTest">
    <ignored/>
  </testcase> <!-- keys -->
  <testcase name="mainPageTest" time="0.0" classname="tests.MainPageTest">
    <ignored/>
  </testcase> <!-- mainPageTest -->
</testsuite> <!-- MAIN_PAGE_TESTS_Chrome -->
