<?xml version="1.0" encoding="UTF-8"?>
<!-- Generated by org.testng.reporters.JUnitXMLReporter -->
<testsuite hostname="FalcoConstantin" ignored="6" name="Login_Page_Regression_Chrome" tests="1" failures="0" timestamp="2019-11-10T12:30:22 EET" time="0.867" errors="0">
  <testcase name="test" time="0.0" classname="tests.MainPageTest">
    <skipped/>
  </testcase> <!-- test -->
  <testcase name="mainPageStaysSearchTest_SMOKE" time="0.0" classname="tests.MainPageTest">
    <ignored/>
  </testcase> <!-- mainPageStaysSearchTest_SMOKE -->
  <testcase name="mainPageSearchModuleTest_REGRESSION" time="0.0" classname="tests.MainPageTest">
    <ignored/>
  </testcase> <!-- mainPageSearchModuleTest_REGRESSION -->
  <testcase name="keys" time="0.0" classname="tests.MainPageTest">
    <ignored/>
  </testcase> <!-- keys -->
  <testcase name="mainPageMenuTest_SMOKE" time="0.0" classname="tests.MainPageTest">
    <ignored/>
  </testcase> <!-- mainPageMenuTest_SMOKE -->
  <testcase name="mainPageTest" time="0.0" classname="tests.MainPageTest">
    <ignored/>
  </testcase> <!-- mainPageTest -->
  <testcase name="mainPageMenuTest_FUNCTIONAL" time="0.0" classname="tests.MainPageTest">
    <ignored/>
  </testcase> <!-- mainPageMenuTest_FUNCTIONAL -->
</testsuite> <!-- Login_Page_Regression_Chrome -->
