<?xml version="1.0" encoding="UTF-8"?>
<!-- Generated by org.testng.reporters.JUnitXMLReporter -->
<testsuite hostname="FalcoConstantin" ignored="6" name="Main_Page_regression_Chrome" tests="1" failures="0" timestamp="2019-11-11T21:36:16 EET" time="75.899" errors="0">
  <testcase name="mainPageSearchModuleTest_REGRESSION" time="64.954" classname="tests.MainPageTest"/>
  <testcase name="test" time="0.0" classname="tests.MainPageTest">
    <ignored/>
  </testcase> <!-- test -->
  <testcase name="mainPageStaysSearchTest_SMOKE" time="0.0" classname="tests.MainPageTest">
    <ignored/>
  </testcase> <!-- mainPageStaysSearchTest_SMOKE -->
  <testcase name="keys" time="0.0" classname="tests.MainPageTest">
    <ignored/>
  </testcase> <!-- keys -->
  <testcase name="mainPageMenuTest_SMOKE" time="0.0" classname="tests.MainPageTest">
    <ignored/>
  </testcase> <!-- mainPageMenuTest_SMOKE -->
  <testcase name="mainPageTest" time="0.0" classname="tests.MainPageTest">
    <ignored/>
  </testcase> <!-- mainPageTest -->
  <testcase name="mainPageMenuTest_FUNCTIONAL" time="0.0" classname="tests.MainPageTest">
    <ignored/>
  </testcase> <!-- mainPageMenuTest_FUNCTIONAL -->
</testsuite> <!-- Main_Page_regression_Chrome -->
