<?xml version="1.0" encoding="UTF-8"?>
<testng-results skipped="0" failed="0" ignored="6" total="7" passed="1">
  <reporter-output>
  </reporter-output>
  <suite name="FUNCTIONAL_TEST_SUITE" duration-ms="26519" started-at="2019-11-26T22:03:43 EET" finished-at="2019-11-26T22:04:10 EET">
    <groups>
      <group name="mainPage_menu_functional">
        <method signature="MainPageTest.mainPageMenuTest_FUNCTIONAL()[pri:3, instance:tests.MainPageTest@5118388b]" name="mainPageMenuTest_FUNCTIONAL" class="tests.MainPageTest"/>
      </group> <!-- mainPage_menu_functional -->
      <group name="functional">
        <method signature="MainPageTest.mainPageMenuTest_FUNCTIONAL()[pri:3, instance:tests.MainPageTest@5118388b]" name="mainPageMenuTest_FUNCTIONAL" class="tests.MainPageTest"/>
      </group> <!-- functional -->
    </groups>
    <test name="Main_Page_Functional_Chrome" duration-ms="26519" started-at="2019-11-26T22:03:43 EET" finished-at="2019-11-26T22:04:10 EET">
      <class name="tests.MainPageTest">
        <test-method status="PASS" signature="initialization()[pri:0, instance:tests.MainPageTest@5118388b]" name="initialization" is-config="true" duration-ms="8720" started-at="2019-11-26T22:03:43 EET" finished-at="2019-11-26T22:03:52 EET">
          <reporter-output>
          </reporter-output>
        </test-method> <!-- initialization -->
        <test-method status="PASS" signature="mainPageMenuTest_FUNCTIONAL()[pri:3, instance:tests.MainPageTest@5118388b]" name="mainPageMenuTest_FUNCTIONAL" duration-ms="15167" started-at="2019-11-26T22:03:52 EET" finished-at="2019-11-26T22:04:07 EET">
          <reporter-output>
          </reporter-output>
        </test-method> <!-- mainPageMenuTest_FUNCTIONAL -->
        <test-method status="PASS" signature="tearDown()[pri:0, instance:tests.MainPageTest@5118388b]" name="tearDown" is-config="true" duration-ms="2130" started-at="2019-11-26T22:04:07 EET" finished-at="2019-11-26T22:04:10 EET">
          <reporter-output>
          </reporter-output>
        </test-method> <!-- tearDown -->
      </class> <!-- tests.MainPageTest -->
    </test> <!-- Main_Page_Functional_Chrome -->
  </suite> <!-- FUNCTIONAL_TEST_SUITE -->
</testng-results>
