<?xml version="1.0" encoding="UTF-8"?>
<!-- Generated by org.testng.reporters.JUnitXMLReporter -->
<testsuite hostname="FalcoConstantin" ignored="1" name="Login_Page_Smoke_Chrome" tests="1" failures="0" timestamp="2019-11-09T12:54:25 EET" time="7.73" errors="0">
  <testcase name="mainPageTest" time="0.085" classname="tests.MainPageTest"/>
  <testcase name="mainMenuTest_SMOKE" time="0.0" classname="tests.MainPageTest">
    <ignored/>
  </testcase> <!-- mainMenuTest_SMOKE -->
</testsuite> <!-- Login_Page_Smoke_Chrome -->
