<?xml version="1.0" encoding="UTF-8"?>
<!-- Generated by org.testng.reporters.JUnitXMLReporter -->
<testsuite hostname="FalcoConstantin" ignored="0" name="Main_Page_Smoke_Chrome" tests="1" failures="1" timestamp="2019-11-09T12:11:47 EET" time="10.903" errors="0">
  <testcase name="mainMenuTest_SMOKE" time="0.012" classname="tests.MainPageTest">
    <failure type="java.lang.NullPointerException">
      <![CDATA[java.lang.NullPointerException
at tests.MainPageTest.mainMenuTest_SMOKE(MainPageTest.java:18)
at java.util.ArrayList.forEach(Unknown Source)
... Removed 27 stack frames]]>
    </failure>
  </testcase> <!-- mainMenuTest_SMOKE -->
</testsuite> <!-- Main_Page_Smoke_Chrome -->
