<?xml version="1.0" encoding="UTF-8"?>
<!-- Generated by org.testng.reporters.JUnitXMLReporter -->
<testsuite hostname="FalcoConstantin" ignored="2" name="Main_Page_Smoke_Chrome" tests="2" failures="0" timestamp="2019-11-09T20:12:17 EET" time="22.961" errors="0">
  <testcase name="mainPageMenuTest_SMOKE" time="2.852" classname="tests.MainPageTest"/>
  <testcase name="mainPageStaysSearchTest_SMOKE" time="3.135" classname="tests.MainPageTest"/>
  <testcase name="keys" time="0.0" classname="tests.MainPageTest">
    <ignored/>
  </testcase> <!-- keys -->
  <testcase name="mainPageTest" time="0.0" classname="tests.MainPageTest">
    <ignored/>
  </testcase> <!-- mainPageTest -->
</testsuite> <!-- Main_Page_Smoke_Chrome -->
