<?xml version="1.0" encoding="UTF-8"?>
<!-- Generated by org.testng.reporters.JUnitXMLReporter -->
<testsuite hostname="FalcoConstantin" ignored="1" name="Main_Page_Smoke_Chrome" tests="1" failures="0" timestamp="2019-11-09T13:46:36 EET" time="13.273" errors="0">
  <testcase name="mainMenuTest_SMOKE" time="3.656" classname="tests.MainPageTest"/>
  <testcase name="mainPageTest" time="0.0" classname="tests.MainPageTest">
    <ignored/>
  </testcase> <!-- mainPageTest -->
</testsuite> <!-- Main_Page_Smoke_Chrome -->
